[01:14:37] [ServerMain/INFO]: Environment: authHost='https://authserver.mojang.com', accountsHost='https://api.mojang.com', sessionHost='https://sessionserver.mojang.com', servicesHost='https://api.minecraftservices.com', name='PROD'
[01:14:39] [ServerMain/INFO]: Loaded 7 recipes
[01:14:39] [ServerMain/INFO]: Loaded 1271 advancements
[01:14:40] [Server thread/INFO]: Starting minecraft server version 1.20.1
[01:14:40] [Server thread/INFO]: Loading properties
[01:14:40] [Server thread/INFO]: Default game type: SURVIVAL
[01:14:40] [Server thread/INFO]: Generating keypair
[01:14:40] [Server thread/INFO]: Starting Minecraft server on *:25565
[01:14:40] [Server thread/INFO]: Using epoll channel type
[01:14:40] [Server thread/WARN]: **** SERVER IS RUNNING IN OFFLINE/INSECURE MODE!
[01:14:40] [Server thread/WARN]: The server will make no attempt to authenticate usernames. Beware.
[01:14:40] [Server thread/WARN]: While this makes the game possible to play without internet access, it also opens up the ability for hackers to connect with any username they choose.
[01:14:40] [Server thread/WARN]: To change this, set "online-mode" to "true" in the server.properties file.
[01:14:40] [Server thread/INFO]: Preparing level "world"
[01:14:46] [Server thread/INFO]: Preparing start region for dimension minecraft:overworld
[01:14:52] [Worker-Main-1/INFO]: Preparing spawn area: 0%
[01:14:52] [Worker-Main-1/INFO]: Preparing spawn area: 0%
[01:14:52] [Worker-Main-1/INFO]: Preparing spawn area: 0%
[01:14:52] [Worker-Main-1/INFO]: Preparing spawn area: 0%
[01:14:52] [Worker-Main-1/INFO]: Preparing spawn area: 0%
[01:14:52] [Worker-Main-1/INFO]: Preparing spawn area: 0%
[01:14:52] [Worker-Main-1/INFO]: Preparing spawn area: 0%
[01:14:52] [Worker-Main-1/INFO]: Preparing spawn area: 0%
[01:14:52] [Worker-Main-1/INFO]: Preparing spawn area: 0%
[01:14:52] [Worker-Main-1/INFO]: Preparing spawn area: 0%
[01:14:52] [Worker-Main-1/INFO]: Preparing spawn area: 0%
[01:14:52] [Worker-Main-1/INFO]: Preparing spawn area: 0%
[01:14:52] [Worker-Main-1/INFO]: Preparing spawn area: 0%
[01:14:53] [Worker-Main-1/INFO]: Preparing spawn area: 0%
[01:14:53] [Server thread/INFO]: Time elapsed: 7208 ms
[01:14:53] [Server thread/INFO]: Done (13.205s)! For help, type "help"
